<?xml version="1.0"?><coverage lines-covered="2051" lines-valid="3243" line-rate="0.6324390995991366" branches-covered="0" branches-valid="0" branch-rate="0" complexity="0" version="1.9" timestamp="1779353776"><sources><source>/Users/ekhodzitsky/Documents/personal/polyvoice</source></sources><packages><package name="benches" line-rate="0" branch-rate="0" complexity="0"><classes></classes></package><package name="src" line-rate="0.636166253101737" branch-rate="0" complexity="0"><classes></classes></package><package name="src/embedding" line-rate="0.8461538461538461" branch-rate="0" complexity="0"><classes><class name="mod" filename="src/embedding/mod.rs" line-rate="0.8461538461538461" branch-rate="0" complexity="0"><methods/><lines><line number="69" hits="798"/><line number="72" hits="798"/><line number="78" hits="681"/><line number="83" hits="681"/><line number="84" hits="2724"/><line number="85" hits="2043"/><line number="86" hits="349353"/><line number="88" hits="348672"/><line number="89" hits="174336"/><line number="91" hits="1362"/><line number="92" hits="681"/><line number="95" hits="0"/><line number="96" hits="0"/></lines></class></classes></package><package name="src/silero_vad" line-rate="0.2413793103448276" branch-rate="0" complexity="0"><classes><class name="mod" filename="src/silero_vad/mod.rs" line-rate="0.2413793103448276" branch-rate="0" complexity="0"><methods/><lines><line number="27" hits="2"/><line number="28" hits="6"/><line number="29" hits="4"/><line number="30" hits="2"/><line number="31" hits="4"/><line number="32" hits="2"/><line number="34" hits="6"/><line number="36" hits="2"/><line number="37" hits="4"/><line number="38" hits="4"/><line number="39" hits="6"/><line number="40" hits="2"/><line number="41" hits="2"/><line number="42" hits="2"/><line number="46" hits="0"/><line number="47" hits="0"/><line number="48" hits="0"/><line number="49" hits="0"/><line number="51" hits="0"/><line number="52" hits="0"/><line number="53" hits="0"/><line number="55" hits="0"/><line number="56" hits="0"/><line number="57" hits="0"/><line number="59" hits="0"/><line number="60" hits="0"/><line number="61" hits="0"/><line number="62" hits="0"/><line number="64" hits="0"/><line number="65" hits="0"/><line number="66" hits="0"/><line number="67" hits="0"/><line number="69" hits="0"/><line number="71" hits="0"/><line number="73" hits="0"/><line number="75" hits="0"/><line number="77" hits="0"/><line number="80" hits="0"/><line number="82" hits="0"/><line number="83" hits="0"/><line number="84" hits="0"/><line number="85" hits="0"/><line number="88" hits="0"/><line number="94" hits="0"/><line number="95" hits="0"/><line number="96" hits="0"/><line number="99" hits="0"/><line number="100" hits="0"/><line number="101" hits="0"/><line number="102" hits="0"/><line number="103" hits="0"/><line number="107" hits="0"/><line number="108" hits="0"/><line number="109" hits="0"/><line number="110" hits="0"/><line number="112" hits="0"/><line number="115" hits="0"/><line number="116" hits="0"/></lines></class></classes></package><package name="src/window" line-rate="0.8695652173913043" branch-rate="0" complexity="0"><classes><class name="mod" filename="src/window/mod.rs" line-rate="0.8695652173913043" branch-rate="0" complexity="0"><methods/><lines><line number="27" hits="8239"/><line number="41" hits="4034"/><line number="42" hits="4034"/><line number="43" hits="4034"/><line number="50" hits="68224"/><line number="51" hits="68224"/><line number="52" hits="5002"/><line number="54" hits="123207"/><line number="55" hits="123654"/><line number="56" hits="22004"/><line number="57" hits="3237"/><line number="59" hits="18767"/><line number="61" hits="119970"/><line number="62" hits="59985"/><line number="63" hits="59985"/><line number="88" hits="14"/><line number="90" hits="28"/><line number="101" hits="688"/><line number="102" hits="2064"/><line number="113" hits="712"/><line number="114" hits="1424"/><line number="115" hits="688"/><line number="117" hits="48"/><line number="118" hits="72"/><line number="119" hits="24"/><line number="120" hits="72"/><line number="121" hits="24"/><line number="130" hits="8"/><line number="131" hits="16"/><line number="132" hits="2"/><line number="134" hits="12"/><line number="135" hits="18"/><line number="136" hits="18"/><line number="137" hits="12"/><line number="139" hits="12"/><line number="140" hits="6"/><line number="147" hits="0"/><line number="148" hits="0"/><line number="155" hits="0"/><line number="156" hits="0"/><line number="163" hits="6"/><line number="164" hits="12"/><line number="171" hits="0"/><line number="172" hits="0"/><line number="179" hits="6"/><line number="180" hits="6"/></lines></class></classes></package><package name="src/spectral" line-rate="0.968944099378882" branch-rate="0" complexity="0"><classes><class name="mod" filename="src/spectral/mod.rs" line-rate="0.968944099378882" branch-rate="0" complexity="0"><methods/><lines><line number="14" hits="6"/><line number="15" hits="18"/><line number="16" hits="6"/><line number="17" hits="2"/><line number="19" hits="4"/><line number="20" hits="2"/><line number="24" hits="6"/><line number="25" hits="6"/><line number="26" hits="10"/><line number="27" hits="16"/><line number="28" hits="32"/><line number="29" hits="40"/><line number="30" hits="56"/><line number="31" hits="96"/><line number="32" hits="72"/><line number="35" hits="88"/><line number="36" hits="56"/><line number="37" hits="32"/><line number="38" hits="48"/><line number="39" hits="32"/><line number="45" hits="50"/><line number="48" hits="8"/><line number="49" hits="10"/><line number="50" hits="40"/><line number="51" hits="64"/><line number="52" hits="24"/><line number="54" hits="120"/><line number="56" hits="64"/><line number="62" hits="6"/><line number="63" hits="4"/><line number="64" hits="0"/><line number="66" hits="6"/><line number="67" hits="6"/><line number="70" hits="26"/><line number="71" hits="22"/><line number="74" hits="10"/><line number="75" hits="4"/><line number="76" hits="4"/><line number="78" hits="6"/><line number="79" hits="8"/><line number="80" hits="8"/><line number="81" hits="4"/><line number="83" hits="0"/><line number="85" hits="6"/><line number="86" hits="2"/><line number="87" hits="2"/><line number="92" hits="10"/><line number="93" hits="4"/><line number="95" hits="8"/><line number="96" hits="12"/><line number="97" hits="30"/><line number="98" hits="60"/><line number="99" hits="312"/><line number="100" hits="216"/><line number="104" hits="30"/><line number="105" hits="288"/><line number="106" hits="24"/><line number="107" hits="168"/><line number="108" hits="72"/><line number="113" hits="24"/><line number="114" hits="30"/><line number="115" hits="8"/><line number="116" hits="2"/><line number="117" hits="2"/><line number="122" hits="10"/><line number="123" hits="20"/><line number="124" hits="80"/><line number="125" hits="48"/><line number="128" hits="10"/><line number="129" hits="80"/><line number="130" hits="8"/><line number="131" hits="40"/><line number="132" hits="16"/><line number="136" hits="6"/><line number="140" hits="8"/><line number="141" hits="24"/><line number="142" hits="40"/><line number="143" hits="24"/><line number="145" hits="8"/><line number="146" hits="0"/><line number="150" hits="32"/><line number="151" hits="16"/><line number="152" hits="32"/><line number="153" hits="32"/><line number="155" hits="24"/><line number="156" hits="8"/><line number="157" hits="154"/><line number="158" hits="280"/><line number="159" hits="154"/><line number="160" hits="42"/><line number="163" hits="56"/><line number="164" hits="14"/><line number="165" hits="0"/><line number="167" hits="42"/><line number="168" hits="28"/><line number="169" hits="28"/><line number="170" hits="98"/><line number="171" hits="35"/><line number="172" hits="35"/><line number="173" hits="14"/><line number="174" hits="14"/><line number="177" hits="56"/><line number="180" hits="24"/><line number="181" hits="24"/><line number="183" hits="8"/><line number="184" hits="32"/><line number="186" hits="176"/><line number="187" hits="128"/><line number="188" hits="128"/><line number="189" hits="480"/><line number="190" hits="704"/><line number="191" hits="284"/><line number="192" hits="108"/><line number="193" hits="108"/><line number="196" hits="83"/><line number="197" hits="19"/><line number="198" hits="19"/><line number="201" hits="16"/><line number="202" hits="8"/><line number="205" hits="40"/><line number="206" hits="24"/><line number="207" hits="88"/><line number="208" hits="64"/><line number="209" hits="360"/><line number="210" hits="88"/><line number="212" hits="32"/><line number="214" hits="76"/><line number="215" hits="22"/><line number="216" hits="198"/><line number="217" hits="66"/><line number="221" hits="16"/><line number="224" hits="8"/><line number="227" hits="256"/><line number="228" hits="512"/><line number="229" hits="768"/><line number="230" hits="1808"/><line number="235" hits="6"/><line number="236" hits="18"/><line number="237" hits="6"/><line number="238" hits="0"/><line number="240" hits="18"/><line number="243" hits="30"/><line number="244" hits="18"/><line number="245" hits="66"/><line number="246" hits="48"/><line number="247" hits="264"/><line number="248" hits="72"/><line number="250" hits="24"/><line number="252" hits="60"/><line number="253" hits="18"/><line number="254" hits="170"/><line number="255" hits="58"/><line number="261" hits="12"/><line number="262" hits="90"/><line number="263" hits="72"/><line number="264" hits="72"/><line number="269" hits="12"/><line number="270" hits="6"/><line number="272" hits="4"/><line number="274" hits="12"/><line number="275" hits="12"/></lines></class></classes></package><package name="examples" line-rate="0" branch-rate="0" complexity="0"><classes></classes></package><package name="src/bin" line-rate="0.6046511627906976" branch-rate="0" complexity="0"><classes><class name="polyvoice-bench" filename="src/bin/polyvoice-bench.rs" line-rate="0.5915492957746479" branch-rate="0" complexity="0"><methods/><lines><line number="88" hits="256"/><line number="89" hits="256"/><line number="90" hits="256"/><line number="91" hits="256"/><line number="92" hits="512"/><line number="96" hits="0"/><line number="97" hits="0"/><line number="98" hits="0"/><line number="101" hits="0"/><line number="102" hits="0"/><line number="103" hits="0"/><line number="105" hits="0"/><line number="108" hits="0"/><line number="109" hits="0"/><line number="112" hits="0"/><line number="113" hits="0"/><line number="114" hits="0"/><line number="115" hits="0"/><line number="116" hits="0"/><line number="117" hits="0"/><line number="119" hits="0"/><line number="120" hits="0"/><line number="121" hits="0"/><line number="122" hits="0"/><line number="123" hits="0"/><line number="127" hits="0"/><line number="130" hits="1"/><line number="131" hits="2"/><line number="132" hits="3"/><line number="133" hits="3"/><line number="134" hits="2"/><line number="135" hits="2"/><line number="138" hits="3"/><line number="139" hits="4"/><line number="141" hits="4"/><line number="144" hits="1"/><line number="150" hits="2"/><line number="151" hits="4"/><line number="153" hits="2"/><line number="154" hits="2"/><line number="155" hits="4"/><line number="156" hits="1"/><line number="157" hits="1"/><line number="158" hits="1"/><line number="159" hits="1"/><line number="161" hits="1"/><line number="162" hits="3"/><line number="163" hits="2"/><line number="166" hits="2"/><line number="167" hits="1"/><line number="169" hits="1"/><line number="173" hits="2"/><line number="174" hits="2"/><line number="175" hits="2"/><line number="176" hits="2"/><line number="177" hits="2"/><line number="178" hits="2"/><line number="179" hits="2"/><line number="180" hits="4"/><line number="182" hits="1"/><line number="183" hits="0"/><line number="184" hits="0"/><line number="185" hits="0"/><line number="186" hits="0"/><line number="187" hits="0"/><line number="188" hits="0"/><line number="190" hits="0"/><line number="191" hits="0"/><line number="192" hits="0"/><line number="193" hits="0"/><line number="195" hits="0"/><line number="196" hits="0"/><line number="197" hits="0"/><line number="199" hits="18446744073709551615"/><line number="200" hits="0"/><line number="201" hits="18446744073709551613"/><line number="203" hits="18446744073709551613"/><line number="204" hits="18446744073709551614"/><line number="205" hits="18446744073709551615"/><line number="206" hits="18446744073709551615"/><line number="208" hits="18446744073709551613"/><line number="209" hits="18446744073709551615"/><line number="212" hits="18446744073709551611"/><line number="213" hits="18446744073709551612"/><line number="215" hits="18446744073709551611"/><line number="216" hits="18446744073709551611"/><line number="217" hits="18446744073709551613"/><line number="218" hits="18446744073709551613"/><line number="219" hits="18446744073709551612"/><line number="220" hits="18446744073709551615"/><line number="221" hits="18446744073709551615"/><line number="222" hits="0"/><line number="223" hits="0"/><line number="226" hits="18446744073709551615"/><line number="227" hits="18446744073709551615"/><line number="228" hits="18446744073709551615"/><line number="229" hits="18446744073709551615"/><line number="230" hits="18446744073709551615"/><line number="231" hits="18446744073709551615"/><line number="232" hits="18446744073709551615"/><line number="233" hits="18446744073709551615"/><line number="235" hits="18446744073709551613"/><line number="237" hits="18446744073709551615"/><line number="239" hits="18446744073709551615"/><line number="240" hits="18446744073709551615"/><line number="241" hits="18446744073709551615"/><line number="242" hits="18446744073709551615"/><line number="245" hits="18446744073709551614"/><line number="248" hits="18446744073709551613"/><line number="249" hits="18446744073709551613"/><line number="250" hits="18446744073709551614"/><line number="251" hits="18446744073709551614"/><line number="252" hits="18446744073709551614"/><line number="253" hits="18446744073709551614"/><line number="254" hits="18446744073709551614"/><line number="255" hits="18446744073709551614"/><line number="256" hits="18446744073709551614"/><line number="257" hits="18446744073709551614"/><line number="258" hits="18446744073709551613"/><line number="259" hits="18446744073709551615"/><line number="260" hits="18446744073709551615"/><line number="264" hits="0"/><line number="267" hits="0"/><line number="268" hits="0"/><line number="269" hits="0"/><line number="270" hits="0"/><line number="271" hits="0"/><line number="273" hits="0"/><line number="274" hits="0"/><line number="276" hits="0"/><line number="277" hits="0"/><line number="278" hits="0"/><line number="279" hits="0"/><line number="280" hits="0"/><line number="281" hits="0"/><line number="282" hits="0"/><line number="287" hits="0"/><line number="290" hits="0"/><line number="291" hits="0"/><line number="292" hits="0"/><line number="293" hits="0"/><line number="295" hits="0"/></lines></class><class name="polyvoice" filename="src/bin/polyvoice.rs" line-rate="0.6206896551724138" branch-rate="0" complexity="0"><methods/><lines><line number="65" hits="260"/><line number="66" hits="260"/><line number="67" hits="260"/><line number="68" hits="261"/><line number="69" hits="518"/><line number="73" hits="2"/><line number="82" hits="6"/><line number="83" hits="2"/><line number="84" hits="0"/><line number="85" hits="2"/><line number="88" hits="2"/><line number="89" hits="1"/><line number="92" hits="2"/><line number="93" hits="2"/><line number="95" hits="3"/><line number="96" hits="4"/><line number="98" hits="4"/><line number="101" hits="1"/><line number="107" hits="2"/><line number="108" hits="4"/><line number="110" hits="2"/><line number="111" hits="2"/><line number="113" hits="6"/><line number="114" hits="0"/><line number="116" hits="0"/><line number="117" hits="0"/><line number="118" hits="0"/><line number="119" hits="0"/><line number="120" hits="0"/><line number="123" hits="0"/><line number="124" hits="0"/><line number="126" hits="0"/><line number="127" hits="0"/><line number="128" hits="0"/><line number="129" hits="0"/><line number="130" hits="0"/><line number="134" hits="0"/><line number="136" hits="0"/><line number="138" hits="0"/><line number="141" hits="0"/><line number="142" hits="0"/><line number="143" hits="0"/><line number="144" hits="0"/><line number="145" hits="0"/><line number="148" hits="0"/><line number="149" hits="0"/><line number="154" hits="0"/><line number="155" hits="0"/><line number="156" hits="0"/><line number="157" hits="0"/><line number="158" hits="0"/><line number="163" hits="0"/><line number="166" hits="0"/><line number="167" hits="0"/><line number="168" hits="0"/><line number="169" hits="0"/><line number="170" hits="0"/><line number="171" hits="0"/><line number="173" hits="0"/><line number="174" hits="0"/><line number="175" hits="0"/><line number="178" hits="0"/><line number="179" hits="0"/><line number="182" hits="1"/><line number="183" hits="2"/><line number="184" hits="3"/><line number="185" hits="1"/><line number="186" hits="5"/><line number="187" hits="4"/><line number="188" hits="4"/><line number="189" hits="4"/><line number="190" hits="2"/><line number="193" hits="2"/><line number="196" hits="2"/><line number="197" hits="4"/><line number="198" hits="4"/><line number="199" hits="4"/><line number="200" hits="2"/><line number="203" hits="2"/><line number="206" hits="2"/><line number="207" hits="2"/><line number="209" hits="1"/><line number="210" hits="22"/><line number="211" hits="14"/><line number="212" hits="7"/><line number="213" hits="7"/><line number="214" hits="7"/><line number="217" hits="1"/><line number="220" hits="1"/><line number="221" hits="2"/><line number="222" hits="3"/><line number="223" hits="3"/><line number="224" hits="1"/><line number="225" hits="1"/><line number="226" hits="1"/><line number="227" hits="1"/><line number="228" hits="3"/><line number="229" hits="1"/><line number="230" hits="0"/><line number="233" hits="0"/><line number="235" hits="1"/><line number="238" hits="8"/><line number="239" hits="16"/><line number="240" hits="8"/><line number="242" hits="6"/><line number="243" hits="6"/><line number="244" hits="6"/><line number="245" hits="6"/><line number="246" hits="6"/><line number="247" hits="6"/><line number="248" hits="6"/><line number="249" hits="48"/><line number="250" hits="0"/><line number="251" hits="4"/><line number="252" hits="1"/><line number="253" hits="3"/></lines></class></classes></package><package name="src/der" line-rate="0.8189655172413793" branch-rate="0" complexity="0"><classes><class name="mod" filename="src/der/mod.rs" line-rate="0.8189655172413793" branch-rate="0" complexity="0"><methods/><lines><line number="20" hits="0"/><line number="21" hits="0"/><line number="22" hits="0"/><line number="24" hits="0"/><line number="25" hits="0"/><line number="26" hits="0"/><line number="27" hits="0"/><line number="43" hits="4020"/><line number="48" hits="8040"/><line number="49" hits="108"/><line number="50" hits="108"/><line number="51" hits="108"/><line number="52" hits="108"/><line number="53" hits="108"/><line number="54" hits="108"/><line number="58" hits="7824"/><line number="60" hits="7824"/><line number="62" hits="11736"/><line number="63" hits="3912"/><line number="64" hits="3912"/><line number="66" hits="7824"/><line number="69" hits="23472"/><line number="72" hits="19560"/><line number="73" hits="19560"/><line number="76" hits="19560"/><line number="78" hits="7824"/><line number="79" hits="7824"/><line number="80" hits="7824"/><line number="81" hits="7824"/><line number="83" hits="38491434"/><line number="84" hits="38487522"/><line number="85" hits="5848488"/><line number="88" hits="65278068"/><line number="89" hits="65278068"/><line number="90" hits="65278068"/><line number="91" hits="65278068"/><line number="93" hits="32639034"/><line number="96" hits="65278068"/><line number="97" hits="55258470"/><line number="98" hits="65737008"/><line number="99" hits="40996272"/><line number="101" hits="13821758"/><line number="104" hits="65278068"/><line number="107" hits="65278068"/><line number="108" hits="65278068"/><line number="109" hits="97917102"/><line number="112" hits="7824"/><line number="113" hits="3912"/><line number="114" hits="8"/><line number="115" hits="8"/><line number="116" hits="8"/><line number="117" hits="8"/><line number="118" hits="8"/><line number="119" hits="8"/><line number="123" hits="7808"/><line number="126" hits="7808"/><line number="127" hits="7808"/><line number="128" hits="7808"/><line number="129" hits="3904"/><line number="134" hits="3912"/><line number="140" hits="11736"/><line number="141" hits="3912"/><line number="142" hits="12"/><line number="145" hits="68494"/><line number="146" hits="193782"/><line number="147" hits="387564"/><line number="148" hits="258376"/><line number="149" hits="6643656"/><line number="150" hits="129188"/><line number="151" hits="516752"/><line number="152" hits="258376"/><line number="154" hits="6514468"/><line number="159" hits="3900"/><line number="162" hits="7824"/><line number="163" hits="39120"/><line number="164" hits="135684"/><line number="165" hits="255720"/><line number="166" hits="255720"/><line number="167" hits="65081202"/><line number="168" hits="127860"/><line number="169" hits="511440"/><line number="170" hits="255720"/><line number="172" hits="187228540"/><line number="173" hits="114643712"/><line number="177" hits="7824"/><line number="181" hits="3912"/><line number="186" hits="11736"/><line number="188" hits="38503170"/><line number="189" hits="38487522"/><line number="190" hits="5848488"/><line number="192" hits="54268756"/><line number="193" hits="70910398"/><line number="194" hits="73921014"/><line number="199" hits="19560"/><line number="200" hits="392234"/><line number="202" hits="11736"/><line number="203" hits="11736"/><line number="205" hits="79200"/><line number="206" hits="119958"/><line number="207" hits="61330"/><line number="208" hits="24532"/><line number="212" hits="3912"/><line number="219" hits="0"/><line number="224" hits="0"/><line number="225" hits="0"/><line number="227" hits="0"/><line number="229" hits="0"/><line number="230" hits="0"/><line number="231" hits="0"/><line number="232" hits="0"/><line number="233" hits="0"/><line number="235" hits="0"/><line number="236" hits="0"/><line number="237" hits="0"/><line number="238" hits="0"/><line number="243" hits="0"/></lines></class></classes></package><package name="src/wav" line-rate="0.8571428571428571" branch-rate="0" complexity="0"><classes><class name="mod" filename="src/wav/mod.rs" line-rate="0.8571428571428571" branch-rate="0" complexity="0"><methods/><lines><line number="37" hits="19"/><line number="38" hits="57"/><line number="39" hits="36"/><line number="40" hits="12"/><line number="41" hits="0"/><line number="42" hits="0"/><line number="43" hits="0"/><line number="47" hits="36"/><line number="48" hits="27"/><line number="49" hits="18"/><line number="50" hits="18"/><line number="52" hits="27"/><line number="53" hits="18"/><line number="55" hits="9"/><line number="56" hits="3"/><line number="57" hits="3"/><line number="58" hits="3"/><line number="62" hits="18"/><line number="64" hits="12"/><line number="65" hits="6"/><line number="67" hits="384006"/><line number="70" hits="0"/><line number="75" hits="12"/><line number="76" hits="3"/><line number="78" hits="6"/><line number="79" hits="3"/><line number="80" hits="96003"/><line number="84" hits="6"/></lines></class></classes></package><package name="src/kmeans" line-rate="0.4657534246575342" branch-rate="0" complexity="0"><classes><class name="mod" filename="src/kmeans/mod.rs" line-rate="0.4657534246575342" branch-rate="0" complexity="0"><methods/><lines><line number="14" hits="4522"/><line number="15" hits="13566"/><line number="18" hits="4522"/><line number="24" hits="13566"/><line number="25" hits="4522"/><line number="26" hits="1505"/><line number="27" hits="1505"/><line number="28" hits="1505"/><line number="29" hits="1505"/><line number="32" hits="12068"/><line number="33" hits="9051"/><line number="34" hits="3017"/><line number="35" hits="156319"/><line number="40" hits="12068"/><line number="41" hits="9051"/><line number="42" hits="12068"/><line number="43" hits="45410"/><line number="45" hits="9051"/><line number="46" hits="3017"/><line number="47" hits="189983"/><line number="48" hits="438320"/><line number="49" hits="218411"/><line number="50" hits="43083"/><line number="53" hits="19540"/><line number="54" hits="14655"/><line number="55" hits="9770"/><line number="56" hits="9770"/><line number="57" hits="99492"/><line number="58" hits="44861"/><line number="59" hits="44861"/><line number="60" hits="4885"/><line number="61" hits="4885"/><line number="64" hits="72734"/><line number="68" hits="9051"/><line number="69" hits="3017"/><line number="70" hits="10222"/><line number="72" hits="198265"/><line number="73" hits="182932"/><line number="74" hits="182932"/><line number="75" hits="852072"/><line number="76" hits="1338280"/><line number="77" hits="499394"/><line number="78" hits="164824"/><line number="79" hits="164824"/><line number="82" hits="109368"/><line number="83" hits="17902"/><line number="84" hits="17902"/><line number="87" hits="5111"/><line number="88" hits="3017"/><line number="91" hits="10470"/><line number="92" hits="6282"/><line number="93" hits="89024"/><line number="94" hits="82742"/><line number="95" hits="1271927"/><line number="96" hits="396395"/><line number="98" hits="41371"/><line number="100" hits="27818"/><line number="101" hits="9721"/><line number="102" hits="216361"/><line number="103" hits="93599"/><line number="107" hits="4188"/><line number="111" hits="9051"/><line number="114" hits="53112"/><line number="115" hits="250475"/><line number="116" hits="50095"/><line number="127" hits="472329"/><line number="128" hits="1889316"/><line number="129" hits="472329"/><line number="134" hits="0"/><line number="135" hits="0"/><line number="136" hits="0"/><line number="138" hits="0"/><line number="139" hits="0"/><line number="140" hits="0"/><line number="143" hits="0"/><line number="144" hits="0"/><line number="145" hits="0"/><line number="146" hits="0"/><line number="148" hits="0"/><line number="149" hits="0"/><line number="150" hits="0"/><line number="151" hits="0"/><line number="152" hits="0"/><line number="153" hits="0"/><line number="156" hits="0"/><line number="157" hits="0"/><line number="159" hits="0"/><line number="162" hits="0"/><line number="163" hits="0"/><line number="164" hits="0"/><line number="165" hits="0"/><line number="167" hits="0"/><line number="168" hits="0"/><line number="169" hits="0"/><line number="170" hits="0"/><line number="171" hits="0"/><line number="172" hits="0"/><line number="175" hits="0"/><line number="176" hits="0"/><line number="178" hits="0"/><line number="179" hits="0"/><line number="180" hits="0"/><line number="183" hits="0"/><line number="184" hits="0"/><line number="186" hits="0"/><line number="187" hits="0"/><line number="188" hits="0"/><line number="190" hits="0"/><line number="191" hits="0"/><line number="193" hits="0"/><line number="205" hits="0"/><line number="212" hits="0"/><line number="213" hits="0"/><line number="214" hits="0"/><line number="216" hits="0"/><line number="217" hits="0"/><line number="219" hits="0"/><line number="220" hits="0"/><line number="223" hits="0"/><line number="224" hits="0"/><line number="225" hits="0"/><line number="226" hits="0"/><line number="227" hits="0"/><line number="228" hits="0"/><line number="229" hits="0"/><line number="230" hits="0"/><line number="231" hits="0"/><line number="232" hits="0"/><line number="233" hits="0"/><line number="239" hits="0"/><line number="240" hits="0"/><line number="244" hits="0"/><line number="245" hits="0"/><line number="246" hits="0"/><line number="247" hits="0"/><line number="248" hits="0"/><line number="249" hits="0"/><line number="250" hits="0"/><line number="251" hits="0"/><line number="252" hits="0"/><line number="253" hits="0"/><line number="254" hits="0"/><line number="257" hits="0"/><line number="258" hits="0"/><line number="259" hits="0"/><line number="263" hits="0"/></lines></class></classes></package><package name="src/pipeline_v2" line-rate="0.33906633906633904" branch-rate="0" complexity="0"><classes><class name="builder" filename="src/pipeline_v2/builder.rs" line-rate="0.3944954128440367" branch-rate="0" complexity="0"><methods/><lines><line number="48" hits="16"/><line number="50" hits="32"/><line number="59" hits="0"/><line number="60" hits="0"/><line number="61" hits="0"/><line number="64" hits="12"/><line number="65" hits="12"/><line number="66" hits="12"/><line number="69" hits="2"/><line number="70" hits="4"/><line number="71" hits="2"/><line number="74" hits="6"/><line number="75" hits="12"/><line number="76" hits="6"/><line number="79" hits="4"/><line number="80" hits="8"/><line number="81" hits="4"/><line number="84" hits="4"/><line number="85" hits="8"/><line number="86" hits="4"/><line number="89" hits="0"/><line number="90" hits="0"/><line number="91" hits="0"/><line number="94" hits="0"/><line number="95" hits="0"/><line number="96" hits="0"/><line number="99" hits="2"/><line number="100" hits="2"/><line number="101" hits="2"/><line number="104" hits="0"/><line number="105" hits="0"/><line number="106" hits="0"/><line number="109" hits="10"/><line number="110" hits="10"/><line number="112" hits="8"/><line number="113" hits="2"/><line number="114" hits="2"/><line number="115" hits="2"/><line number="118" hits="4"/><line number="119" hits="0"/><line number="120" hits="0"/><line number="121" hits="0"/><line number="124" hits="4"/><line number="125" hits="0"/><line number="126" hits="0"/><line number="127" hits="0"/><line number="130" hits="4"/><line number="131" hits="2"/><line number="132" hits="2"/><line number="137" hits="12"/><line number="138" hits="2"/><line number="140" hits="12"/><line number="141" hits="10"/><line number="142" hits="2"/><line number="144" hits="10"/><line number="145" hits="2"/><line number="147" hits="10"/><line number="148" hits="2"/><line number="150" hits="4"/><line number="151" hits="2"/><line number="155" hits="2"/><line number="165" hits="0"/><line number="166" hits="0"/><line number="167" hits="0"/><line number="168" hits="0"/><line number="169" hits="0"/><line number="171" hits="0"/><line number="173" hits="0"/><line number="174" hits="0"/><line number="175" hits="0"/><line number="176" hits="0"/><line number="178" hits="0"/><line number="179" hits="0"/><line number="180" hits="0"/><line number="181" hits="0"/><line number="183" hits="0"/><line number="184" hits="0"/><line number="185" hits="0"/><line number="186" hits="0"/><line number="188" hits="0"/><line number="189" hits="0"/><line number="190" hits="0"/><line number="191" hits="0"/><line number="192" hits="0"/><line number="193" hits="0"/><line number="197" hits="0"/><line number="198" hits="0"/><line number="200" hits="0"/><line number="202" hits="0"/><line number="203" hits="0"/><line number="204" hits="0"/><line number="208" hits="0"/><line number="209" hits="0"/><line number="210" hits="0"/><line number="212" hits="0"/><line number="213" hits="0"/><line number="216" hits="0"/><line number="217" hits="0"/><line number="218" hits="0"/><line number="219" hits="0"/><line number="220" hits="0"/><line number="224" hits="0"/><line number="225" hits="0"/><line number="235" hits="0"/><line number="236" hits="0"/><line number="237" hits="0"/><line number="238" hits="0"/><line number="239" hits="0"/><line number="240" hits="0"/></lines></class><class name="config" filename="src/pipeline_v2/config.rs" line-rate="1" branch-rate="0" complexity="0"><methods/><lines><line number="26" hits="26"/><line number="29" hits="78"/><line number="32" hits="52"/><line number="39" hits="26"/><line number="40" hits="26"/><line number="61" hits="28"/><line number="63" hits="28"/><line number="74" hits="26"/><line number="75" hits="26"/><line number="76" hits="78"/></lines></class><class name="hybrid" filename="src/pipeline_v2/hybrid.rs" line-rate="0.09714285714285714" branch-rate="0" complexity="0"><methods/><lines><line number="31" hits="0"/><line number="40" hits="0"/><line number="41" hits="0"/><line number="54" hits="0"/><line number="55" hits="0"/><line number="56" hits="0"/><line number="61" hits="0"/><line number="62" hits="0"/><line number="63" hits="0"/><line number="67" hits="0"/><line number="68" hits="0"/><line number="69" hits="0"/><line number="73" hits="0"/><line number="74" hits="0"/><line number="75" hits="0"/><line number="78" hits="0"/><line number="79" hits="0"/><line number="80" hits="0"/><line number="83" hits="0"/><line number="84" hits="0"/><line number="85" hits="0"/><line number="86" hits="0"/><line number="87" hits="0"/><line number="88" hits="0"/><line number="92" hits="0"/><line number="93" hits="0"/><line number="95" hits="0"/><line number="97" hits="0"/><line number="98" hits="0"/><line number="99" hits="0"/><line number="100" hits="0"/><line number="101" hits="0"/><line number="105" hits="0"/><line number="106" hits="0"/><line number="107" hits="0"/><line number="109" hits="0"/><line number="110" hits="0"/><line number="111" hits="0"/><line number="112" hits="0"/><line number="114" hits="0"/><line number="115" hits="0"/><line number="116" hits="0"/><line number="117" hits="0"/><line number="118" hits="0"/><line number="119" hits="0"/><line number="120" hits="0"/><line number="123" hits="0"/><line number="124" hits="0"/><line number="125" hits="0"/><line number="126" hits="0"/><line number="128" hits="0"/><line number="131" hits="0"/><line number="132" hits="0"/><line number="133" hits="0"/><line number="134" hits="0"/><line number="135" hits="0"/><line number="137" hits="0"/><line number="139" hits="0"/><line number="140" hits="0"/><line number="141" hits="0"/><line number="142" hits="0"/><line number="148" hits="0"/><line number="149" hits="0"/><line number="151" hits="0"/><line number="152" hits="0"/><line number="153" hits="0"/><line number="154" hits="0"/><line number="155" hits="0"/><line number="159" hits="0"/><line number="160" hits="0"/><line number="162" hits="0"/><line number="164" hits="0"/><line number="165" hits="0"/><line number="166" hits="0"/><line number="167" hits="0"/><line number="168" hits="0"/><line number="172" hits="0"/><line number="173" hits="0"/><line number="175" hits="0"/><line number="177" hits="0"/><line number="178" hits="0"/><line number="179" hits="0"/><line number="180" hits="0"/><line number="181" hits="0"/><line number="186" hits="0"/><line number="187" hits="0"/><line number="188" hits="0"/><line number="189" hits="0"/><line number="196" hits="0"/><line number="201" hits="0"/><line number="202" hits="0"/><line number="205" hits="0"/><line number="206" hits="0"/><line number="207" hits="0"/><line number="208" hits="0"/><line number="209" hits="0"/><line number="210" hits="0"/><line number="211" hits="0"/><line number="212" hits="0"/><line number="216" hits="0"/><line number="217" hits="0"/><line number="219" hits="0"/><line number="221" hits="0"/><line number="222" hits="0"/><line number="223" hits="0"/><line number="224" hits="0"/><line number="225" hits="0"/><line number="226" hits="0"/><line number="227" hits="0"/><line number="231" hits="0"/><line number="232" hits="0"/><line number="233" hits="0"/><line number="234" hits="0"/><line number="236" hits="0"/><line number="237" hits="0"/><line number="238" hits="0"/><line number="239" hits="0"/><line number="241" hits="0"/><line number="242" hits="0"/><line number="243" hits="0"/><line number="244" hits="0"/><line number="245" hits="0"/><line number="246" hits="0"/><line number="247" hits="0"/><line number="248" hits="0"/><line number="251" hits="0"/><line number="252" hits="0"/><line number="253" hits="0"/><line number="254" hits="0"/><line number="256" hits="0"/><line number="259" hits="0"/><line number="260" hits="0"/><line number="261" hits="0"/><line number="262" hits="0"/><line number="263" hits="0"/><line number="265" hits="0"/><line number="267" hits="0"/><line number="268" hits="0"/><line number="269" hits="0"/><line number="270" hits="0"/><line number="271" hits="0"/><line number="277" hits="0"/><line number="278" hits="0"/><line number="280" hits="0"/><line number="281" hits="0"/><line number="282" hits="0"/><line number="283" hits="0"/><line number="284" hits="0"/><line number="285" hits="0"/><line number="286" hits="0"/><line number="290" hits="0"/><line number="291" hits="0"/><line number="293" hits="0"/><line number="294" hits="0"/><line number="295" hits="0"/><line number="296" hits="0"/><line number="297" hits="0"/><line number="298" hits="0"/><line number="315" hits="4"/><line number="316" hits="8"/><line number="321" hits="4"/><line number="325" hits="8"/><line number="326" hits="2"/><line number="328" hits="6"/><line number="330" hits="14"/><line number="331" hits="14"/><line number="333" hits="16"/><line number="335" hits="6"/><line number="336" hits="14"/><line number="337" hits="10"/><line number="338" hits="4"/><line number="340" hits="4"/><line number="341" hits="2"/><line number="343" hits="12"/><line number="345" hits="2"/></lines></class><class name="mod" filename="src/pipeline_v2/mod.rs" line-rate="0.6017699115044248" branch-rate="0" complexity="0"><methods/><lines><line number="66" hits="0"/><line number="67" hits="0"/><line number="70" hits="8"/><line number="86" hits="0"/><line number="87" hits="0"/><line number="90" hits="8"/><line number="91" hits="24"/><line number="92" hits="2"/><line number="95" hits="24"/><line number="96" hits="12"/><line number="97" hits="2"/><line number="98" hits="2"/><line number="99" hits="2"/><line number="100" hits="2"/><line number="104" hits="12"/><line number="105" hits="12"/><line number="107" hits="14"/><line number="111" hits="8"/><line number="112" hits="20"/><line number="113" hits="20"/><line number="114" hits="10"/><line number="115" hits="12"/><line number="116" hits="30"/><line number="117" hits="6"/><line number="118" hits="0"/><line number="120" hits="18"/><line number="122" hits="12"/><line number="123" hits="12"/><line number="124" hits="18"/><line number="126" hits="8"/><line number="127" hits="8"/><line number="128" hits="8"/><line number="129" hits="2"/><line number="130" hits="0"/><line number="132" hits="2"/><line number="136" hits="36"/><line number="137" hits="24"/><line number="138" hits="12"/><line number="139" hits="18"/><line number="140" hits="18"/><line number="143" hits="8"/><line number="144" hits="0"/><line number="145" hits="0"/><line number="146" hits="0"/><line number="147" hits="0"/><line number="151" hits="16"/><line number="154" hits="12"/><line number="156" hits="8"/><line number="157" hits="4"/><line number="158" hits="6"/><line number="159" hits="6"/><line number="160" hits="6"/><line number="164" hits="20"/><line number="166" hits="12"/><line number="167" hits="0"/><line number="168" hits="0"/><line number="170" hits="0"/><line number="171" hits="0"/><line number="172" hits="0"/><line number="173" hits="0"/><line number="174" hits="0"/><line number="175" hits="0"/><line number="178" hits="14"/><line number="179" hits="4"/><line number="183" hits="14"/><line number="185" hits="8"/><line number="186" hits="26"/><line number="188" hits="8"/><line number="189" hits="12"/><line number="191" hits="4"/><line number="192" hits="6"/><line number="193" hits="6"/><line number="194" hits="6"/><line number="197" hits="16"/><line number="198" hits="12"/><line number="200" hits="10"/><line number="201" hits="12"/><line number="202" hits="6"/><line number="203" hits="6"/><line number="204" hits="6"/><line number="209" hits="8"/><line number="211" hits="4"/><line number="215" hits="4"/><line number="216" hits="8"/><line number="217" hits="4"/><line number="218" hits="4"/><line number="222" hits="0"/><line number="228" hits="0"/><line number="229" hits="0"/><line number="230" hits="0"/><line number="231" hits="0"/><line number="233" hits="0"/><line number="234" hits="0"/><line number="235" hits="0"/><line number="237" hits="0"/><line number="238" hits="0"/><line number="239" hits="0"/><line number="240" hits="0"/><line number="241" hits="0"/><line number="242" hits="0"/><line number="243" hits="0"/><line number="245" hits="0"/><line number="246" hits="0"/><line number="247" hits="0"/><line number="248" hits="0"/><line number="250" hits="0"/><line number="251" hits="0"/><line number="252" hits="0"/><line number="253" hits="0"/><line number="254" hits="0"/><line number="255" hits="0"/><line number="256" hits="0"/><line number="259" hits="0"/></lines></class></classes></package><package name="src/types" line-rate="0.7209302325581395" branch-rate="0" complexity="0"><classes><class name="mod" filename="src/types/mod.rs" line-rate="0.7209302325581395" branch-rate="0" complexity="0"><methods/><lines><line number="30" hits="4"/><line number="31" hits="4"/><line number="32" hits="4"/><line number="33" hits="4"/><line number="34" hits="4"/><line number="35" hits="4"/><line number="36" hits="4"/><line number="37" hits="8"/><line number="49" hits="12"/><line number="50" hits="12"/><line number="52" hits="56"/><line number="53" hits="12"/><line number="54" hits="24"/><line number="61" hits="0"/><line number="62" hits="0"/><line number="69" hits="0"/><line number="70" hits="0"/><line number="79" hits="0"/><line number="80" hits="0"/><line number="81" hits="0"/><line number="82" hits="0"/><line number="92" hits="0"/><line number="93" hits="0"/><line number="94" hits="0"/><line number="99" hits="12"/><line number="100" hits="24"/><line number="123" hits="8"/><line number="124" hits="8"/><line number="125" hits="2"/><line number="126" hits="4"/><line number="127" hits="2"/><line number="132" hits="6"/><line number="133" hits="6"/><line number="134" hits="2"/><line number="135" hits="2"/><line number="136" hits="2"/><line number="141" hits="10"/><line number="142" hits="10"/><line number="143" hits="4"/><line number="144" hits="4"/><line number="145" hits="2"/><line number="153" hits="8"/><line number="154" hits="8"/><line number="155" hits="12"/><line number="156" hits="6"/><line number="157" hits="2"/><line number="158" hits="4"/><line number="168" hits="0"/><line number="169" hits="0"/><line number="170" hits="0"/><line number="199" hits="3040"/><line number="200" hits="15200"/><line number="213" hits="3605"/><line number="214" hits="3605"/><line number="219" hits="0"/><line number="220" hits="0"/><line number="243" hits="3071"/><line number="244" hits="15355"/><line number="257" hits="10"/><line number="258" hits="10"/><line number="263" hits="0"/><line number="264" hits="0"/><line number="287" hits="0"/><line number="288" hits="0"/><line number="301" hits="0"/><line number="302" hits="0"/><line number="307" hits="0"/><line number="308" hits="0"/><line number="332" hits="21858"/><line number="333" hits="43716"/><line number="385" hits="821"/><line number="405" hits="805"/><line number="409" hits="805"/><line number="418" hits="667"/><line number="419" hits="1334"/><line number="425" hits="667"/><line number="426" hits="1334"/><line number="440" hits="805"/><line number="459" hits="805"/><line number="461" hits="1610"/><line number="462" hits="805"/><line number="463" hits="805"/><line number="473" hits="667"/><line number="474" hits="1334"/><line number="480" hits="667"/><line number="481" hits="1334"/></lines></class></classes></package><package name="src/embedder" line-rate="0.3655913978494624" branch-rate="0" complexity="0"><classes><class name="mod" filename="src/embedder/mod.rs" line-rate="0.3655913978494624" branch-rate="0" complexity="0"><methods/><lines><line number="27" hits="2"/><line number="28" hits="26"/><line number="65" hits="20"/><line number="70" hits="60"/><line number="71" hits="40"/><line number="72" hits="2"/><line number="74" hits="36"/><line number="75" hits="46"/><line number="76" hits="42"/><line number="77" hits="2"/><line number="79" hits="36"/><line number="80" hits="36"/><line number="81" hits="60"/><line number="82" hits="32"/><line number="83" hits="2"/><line number="85" hits="64020"/><line number="86" hits="32000"/><line number="89" hits="18"/><line number="113" hits="8"/><line number="114" hits="44"/><line number="115" hits="32"/><line number="116" hits="32"/><line number="117" hits="36"/><line number="119" hits="28"/><line number="131" hits="2"/><line number="132" hits="2"/><line number="137" hits="0"/><line number="138" hits="0"/><line number="146" hits="14"/><line number="147" hits="14"/><line number="149" hits="2"/><line number="154" hits="24"/><line number="155" hits="12"/><line number="157" hits="0"/><line number="159" hits="48"/><line number="161" hits="24"/><line number="162" hits="12"/><line number="169" hits="0"/><line number="173" hits="0"/><line number="174" hits="0"/><line number="175" hits="0"/><line number="177" hits="0"/><line number="178" hits="0"/><line number="180" hits="0"/><line number="182" hits="0"/><line number="183" hits="0"/><line number="185" hits="0"/><line number="186" hits="0"/><line number="187" hits="0"/><line number="188" hits="0"/><line number="189" hits="0"/><line number="190" hits="0"/><line number="191" hits="0"/><line number="192" hits="0"/><line number="193" hits="0"/><line number="196" hits="0"/><line number="198" hits="0"/><line number="199" hits="0"/><line number="200" hits="0"/><line number="201" hits="0"/><line number="202" hits="0"/><line number="203" hits="0"/><line number="205" hits="0"/><line number="231" hits="0"/><line number="232" hits="0"/><line number="233" hits="0"/><line number="234" hits="0"/><line number="235" hits="0"/><line number="238" hits="0"/><line number="243" hits="0"/><line number="244" hits="0"/><line number="247" hits="0"/><line number="248" hits="0"/><line number="249" hits="0"/><line number="250" hits="0"/><line number="251" hits="0"/><line number="254" hits="0"/><line number="255" hits="0"/><line number="277" hits="0"/><line number="282" hits="0"/><line number="283" hits="0"/><line number="284" hits="0"/><line number="285" hits="0"/><line number="288" hits="0"/><line number="293" hits="0"/><line number="294" hits="0"/><line number="297" hits="0"/><line number="298" hits="0"/><line number="299" hits="0"/><line number="300" hits="0"/><line number="301" hits="0"/><line number="304" hits="0"/><line number="305" hits="0"/></lines></class></classes></package><package name="python/src" line-rate="0" branch-rate="0" complexity="0"><classes><class name="lib" filename="python/src/lib.rs" line-rate="0" branch-rate="0" complexity="0"><methods/><lines><line number="43" hits="0"/><line number="44" hits="0"/><line number="45" hits="0"/><line number="47" hits="0"/><line number="48" hits="0"/><line number="49" hits="0"/><line number="50" hits="0"/><line number="51" hits="0"/><line number="52" hits="0"/><line number="53" hits="0"/><line number="54" hits="0"/><line number="56" hits="0"/><line number="57" hits="0"/><line number="58" hits="0"/><line number="59" hits="0"/><line number="60" hits="0"/><line number="61" hits="0"/><line number="64" hits="0"/><line number="65" hits="0"/></lines></class></classes></package><package name="src/overlap" line-rate="0.9473684210526315" branch-rate="0" complexity="0"><classes><class name="mod" filename="src/overlap/mod.rs" line-rate="0.9473684210526315" branch-rate="0" complexity="0"><methods/><lines><line number="22" hits="10"/><line number="23" hits="10"/><line number="24" hits="0"/><line number="30" hits="30"/><line number="31" hits="38"/><line number="32" hits="54"/><line number="33" hits="26"/><line number="35" hits="80"/><line number="36" hits="60"/><line number="40" hits="140"/><line number="42" hits="30"/><line number="43" hits="20"/><line number="44" hits="40"/><line number="46" hits="130"/><line number="47" hits="76"/><line number="48" hits="24"/><line number="49" hits="16"/><line number="50" hits="16"/><line number="51" hits="16"/><line number="53" hits="8"/><line number="56" hits="40"/><line number="57" hits="60"/><line number="58" hits="40"/><line number="61" hits="100"/><line number="63" hits="40"/><line number="67" hits="20"/><line number="86" hits="10"/><line number="87" hits="20"/><line number="88" hits="4"/><line number="90" hits="12"/><line number="91" hits="18"/><line number="93" hits="8"/><line number="94" hits="2"/><line number="95" hits="0"/><line number="97" hits="8"/><line number="98" hits="2"/><line number="101" hits="18"/><line number="102" hits="6"/></lines></class></classes></package><package name="src/models" line-rate="0.5872340425531914" branch-rate="0" complexity="0"><classes><class name="download" filename="src/models/download.rs" line-rate="0.23469387755102042" branch-rate="0" complexity="0"><methods/><lines><line number="39" hits="0"/><line number="41" hits="0"/><line number="59" hits="2"/><line number="64" hits="10"/><line number="77" hits="8"/><line number="84" hits="40"/><line number="85" hits="12"/><line number="86" hits="16"/><line number="87" hits="0"/><line number="88" hits="0"/><line number="91" hits="8"/><line number="94" hits="0"/><line number="95" hits="0"/><line number="96" hits="0"/><line number="97" hits="0"/><line number="103" hits="0"/><line number="104" hits="0"/><line number="105" hits="0"/><line number="108" hits="0"/><line number="110" hits="0"/><line number="111" hits="0"/><line number="112" hits="0"/><line number="113" hits="0"/><line number="117" hits="0"/><line number="119" hits="0"/><line number="120" hits="0"/><line number="121" hits="0"/><line number="122" hits="0"/><line number="123" hits="0"/><line number="127" hits="0"/><line number="129" hits="0"/><line number="131" hits="0"/><line number="132" hits="0"/><line number="133" hits="0"/><line number="134" hits="0"/><line number="138" hits="0"/><line number="141" hits="0"/><line number="142" hits="0"/><line number="143" hits="0"/><line number="145" hits="0"/><line number="146" hits="0"/><line number="147" hits="0"/><line number="148" hits="0"/><line number="149" hits="0"/><line number="151" hits="0"/><line number="152" hits="0"/><line number="155" hits="0"/><line number="156" hits="0"/><line number="157" hits="0"/><line number="159" hits="0"/><line number="160" hits="0"/><line number="162" hits="0"/><line number="163" hits="0"/><line number="164" hits="0"/><line number="165" hits="0"/><line number="167" hits="0"/><line number="168" hits="0"/><line number="171" hits="0"/><line number="172" hits="0"/><line number="173" hits="0"/><line number="175" hits="0"/><line number="177" hits="0"/><line number="178" hits="0"/><line number="179" hits="0"/><line number="180" hits="0"/><line number="181" hits="0"/><line number="182" hits="0"/><line number="183" hits="0"/><line number="187" hits="0"/><line number="188" hits="0"/><line number="189" hits="0"/><line number="190" hits="0"/><line number="191" hits="0"/><line number="192" hits="0"/><line number="197" hits="0"/><line number="198" hits="0"/><line number="199" hits="0"/><line number="201" hits="0"/><line number="209" hits="14"/><line number="210" hits="56"/><line number="211" hits="0"/><line number="212" hits="0"/><line number="214" hits="42"/><line number="215" hits="28"/><line number="216" hits="28"/><line number="218" hits="5880"/><line number="219" hits="0"/><line number="220" hits="0"/><line number="222" hits="1176"/><line number="223" hits="14"/><line number="225" hits="3486"/><line number="227" hits="56"/><line number="228" hits="14"/><line number="229" hits="12"/><line number="231" hits="2"/><line number="232" hits="6"/><line number="233" hits="4"/><line number="234" hits="2"/></lines></class><class name="manifest" filename="src/models/manifest.rs" line-rate="0.8918918918918919" branch-rate="0" complexity="0"><methods/><lines><line number="65" hits="61"/><line number="66" hits="244"/><line number="67" hits="61"/><line number="68" hits="2"/><line number="72" hits="295"/><line number="73" hits="59"/><line number="74" hits="175"/><line number="75" hits="232"/><line number="76" hits="232"/><line number="77" hits="2"/><line number="78" hits="6"/><line number="79" hits="2"/><line number="82" hits="228"/><line number="83" hits="0"/><line number="84" hits="0"/><line number="85" hits="0"/><line number="89" hits="285"/><line number="90" hits="57"/><line number="91" hits="390"/><line number="92" hits="666"/><line number="93" hits="333"/><line number="94" hits="2"/><line number="95" hits="6"/><line number="96" hits="2"/><line number="100" hits="55"/><line number="106" hits="24"/><line number="107" hits="72"/><line number="113" hits="63"/><line number="114" hits="189"/><line number="118" hits="333"/><line number="119" hits="333"/><line number="120" hits="331"/><line number="121" hits="63883"/><line number="126" hits="2"/><line number="127" hits="2"/><line number="128" hits="4"/><line number="130" hits="0"/></lines></class><class name="mod" filename="src/models/mod.rs" line-rate="0.7721518987341772" branch-rate="0" complexity="0"><methods/><lines><line number="27" hits="24"/><line number="30" hits="48"/><line number="82" hits="10"/><line number="83" hits="20"/><line number="84" hits="10"/><line number="85" hits="0"/><line number="89" hits="20"/><line number="97" hits="18"/><line number="98" hits="54"/><line number="99" hits="54"/><line number="100" hits="0"/><line number="101" hits="0"/><line number="103" hits="18"/><line number="104" hits="18"/><line number="105" hits="18"/><line number="115" hits="4"/><line number="116" hits="8"/><line number="117" hits="4"/><line number="125" hits="0"/><line number="129" hits="0"/><line number="130" hits="0"/><line number="131" hits="0"/><line number="132" hits="0"/><line number="134" hits="0"/><line number="135" hits="0"/><line number="136" hits="0"/><line number="143" hits="4"/><line number="144" hits="4"/><line number="150" hits="4"/><line number="151" hits="4"/><line number="160" hits="4"/><line number="161" hits="8"/><line number="162" hits="4"/><line number="163" hits="8"/><line number="164" hits="4"/><line number="165" hits="0"/><line number="167" hits="12"/><line number="169" hits="4"/><line number="170" hits="4"/><line number="171" hits="8"/><line number="172" hits="4"/><line number="174" hits="4"/><line number="184" hits="8"/><line number="185" hits="14"/><line number="186" hits="8"/><line number="187" hits="16"/><line number="188" hits="8"/><line number="189" hits="4"/><line number="191" hits="18"/><line number="192" hits="6"/><line number="193" hits="0"/><line number="194" hits="0"/><line number="199" hits="6"/><line number="206" hits="2"/><line number="207" hits="2"/><line number="208" hits="0"/><line number="210" hits="4"/><line number="211" hits="2"/><line number="212" hits="4"/><line number="213" hits="2"/><line number="214" hits="0"/><line number="216" hits="8"/><line number="217" hits="8"/><line number="218" hits="2"/><line number="219" hits="2"/><line number="220" hits="2"/><line number="229" hits="2"/><line number="233" hits="2"/><line number="234" hits="0"/><line number="236" hits="4"/><line number="237" hits="2"/><line number="238" hits="4"/><line number="239" hits="2"/><line number="240" hits="0"/><line number="242" hits="8"/><line number="243" hits="8"/><line number="244" hits="2"/><line number="245" hits="2"/><line number="246" hits="2"/></lines></class><class name="verify" filename="src/models/verify.rs" line-rate="1" branch-rate="0" complexity="0"><methods/><lines><line number="30" hits="14"/><line number="31" hits="42"/><line number="32" hits="14"/><line number="34" hits="8"/><line number="35" hits="54"/><line number="37" hits="16"/><line number="38" hits="16"/><line number="39" hits="8"/><line number="41" hits="24"/><line number="42" hits="8"/><line number="43" hits="24"/><line number="44" hits="16"/><line number="47" hits="2012"/><line number="48" hits="2012"/><line number="49" hits="1006"/><line number="50" hits="1006"/><line number="51" hits="8"/><line number="53" hits="2994"/><line number="56" hits="8"/><line number="58" hits="12"/><line number="60" hits="6"/></lines></class></classes></package><package name="src/clusterer" line-rate="0.6521739130434783" branch-rate="0" complexity="0"><classes><class name="mod" filename="src/clusterer/mod.rs" line-rate="0.6521739130434783" branch-rate="0" complexity="0"><methods/><lines><line number="58" hits="13"/><line number="60" hits="26"/><line number="66" hits="0"/><line number="68" hits="0"/><line number="69" hits="0"/><line number="75" hits="11"/><line number="76" hits="11"/><line number="81" hits="13"/><line number="82" hits="26"/><line number="83" hits="2"/><line number="85" hits="11"/><line number="86" hits="2"/><line number="88" hits="18"/><line number="89" hits="0"/><line number="90" hits="0"/><line number="93" hits="18"/><line number="96" hits="9"/><line number="99" hits="0"/><line number="100" hits="0"/><line number="115" hits="0"/><line number="117" hits="0"/><line number="126" hits="0"/><line number="127" hits="0"/><line number="128" hits="0"/><line number="132" hits="0"/><line number="133" hits="0"/><line number="134" hits="0"/><line number="138" hits="0"/><line number="139" hits="0"/><line number="140" hits="0"/><line number="145" hits="0"/><line number="146" hits="0"/><line number="151" hits="0"/><line number="152" hits="0"/><line number="153" hits="0"/><line number="155" hits="0"/><line number="156" hits="0"/><line number="159" hits="0"/><line number="160" hits="0"/><line number="162" hits="0"/><line number="163" hits="0"/><line number="165" hits="0"/><line number="166" hits="0"/><line number="168" hits="0"/><line number="170" hits="0"/><line number="171" hits="0"/><line number="174" hits="0"/><line number="175" hits="0"/><line number="295" hits="11"/><line number="297" hits="11"/><line number="304" hits="9"/><line number="305" hits="9"/><line number="311" hits="11"/><line number="316" hits="33"/><line number="317" hits="11"/><line number="318" hits="2"/><line number="320" hits="9"/><line number="321" hits="0"/><line number="325" hits="9"/><line number="326" hits="6"/><line number="330" hits="21"/><line number="331" hits="21"/><line number="332" hits="115"/><line number="333" hits="216"/><line number="334" hits="324"/><line number="335" hits="4212"/><line number="336" hits="5940"/><line number="338" hits="20565"/><line number="339" hits="756"/><line number="340" hits="432"/><line number="341" hits="648"/><line number="342" hits="432"/><line number="348" hits="575"/><line number="351" hits="28"/><line number="352" hits="115"/><line number="353" hits="2160"/><line number="354" hits="4104"/><line number="355" hits="324"/><line number="357" hits="9720"/><line number="359" hits="4104"/><line number="364" hits="21"/><line number="365" hits="14"/><line number="366" hits="0"/><line number="368" hits="21"/><line number="369" hits="21"/><line number="372" hits="251"/><line number="373" hits="317"/><line number="377" hits="35"/><line number="378" hits="14"/><line number="379" hits="14"/><line number="380" hits="82"/><line number="381" hits="150"/><line number="382" hits="150"/><line number="383" hits="150"/><line number="384" hits="120"/><line number="386" hits="15"/><line number="388" hits="80"/><line number="389" hits="5"/><line number="390" hits="5"/><line number="393" hits="21"/><line number="396" hits="42"/><line number="397" hits="115"/><line number="398" hits="216"/><line number="399" hits="1512"/><line number="400" hits="1440"/><line number="401" hits="720"/><line number="402" hits="360"/><line number="404" hits="324"/><line number="405" hits="108"/><line number="406" hits="792"/><line number="407" hits="348"/><line number="413" hits="28"/><line number="414" hits="7"/><line number="417" hits="0"/><line number="418" hits="0"/></lines></class></classes></package><package name="src/utils" line-rate="0.8125" branch-rate="0" complexity="0"><classes><class name="mod" filename="src/utils/mod.rs" line-rate="0.8125" branch-rate="0" complexity="0"><methods/><lines><line number="22" hits="1203242"/><line number="23" hits="3609726"/><line number="24" hits="2994"/><line number="26" hits="0"/><line number="27" hits="0"/><line number="29" hits="2994"/><line number="31" hits="2400496"/><line number="32" hits="2400496"/><line number="33" hits="2400496"/><line number="34" hits="36701797"/><line number="35" hits="20467038"/><line number="36" hits="20467038"/><line number="37" hits="10233519"/><line number="39" hits="2400496"/><line number="40" hits="0"/><line number="42" hits="4800992"/><line number="59" hits="48733"/><line number="60" hits="2100449"/><line number="61" hits="48733"/><line number="62" hits="1856784"/><line number="63" hits="879659"/><line number="74" hits="472329"/><line number="75" hits="1416987"/><line number="76" hits="0"/><line number="78" hits="0"/><line number="79" hits="0"/><line number="81" hits="0"/><line number="83" hits="944658"/><line number="84" hits="944658"/><line number="85" hits="944658"/><line number="86" hits="16210395"/><line number="87" hits="13848750"/><line number="88" hits="9232500"/><line number="89" hits="9232500"/><line number="90" hits="4616250"/><line number="92" hits="944634"/><line number="93" hits="36"/><line number="95" hits="1889172"/><line number="112" hits="10436"/><line number="113" hits="20872"/><line number="114" hits="0"/><line number="116" hits="31308"/><line number="117" hits="31308"/><line number="118" hits="58025"/><line number="119" hits="7269720"/><line number="120" hits="2375651"/><line number="123" hits="20872"/><line number="124" hits="832288"/><line number="125" hits="410926"/><line number="127" hits="10436"/><line number="149" hits="661"/><line number="150" hits="1322"/><line number="151" hits="0"/><line number="153" hits="1322"/><line number="154" hits="1983"/><line number="156" hits="1985"/><line number="157" hits="4"/><line number="158" hits="0"/><line number="160" hits="0"/><line number="161" hits="0"/><line number="164" hits="6"/><line number="165" hits="2"/><line number="168" hits="1983"/><line number="169" hits="661"/></lines></class></classes></package><package name="src/ffi" line-rate="0.08641975308641975" branch-rate="0" complexity="0"><classes><class name="mod" filename="src/ffi/mod.rs" line-rate="0.08641975308641975" branch-rate="0" complexity="0"><methods/><lines><line number="50" hits="3"/><line number="56" hits="6"/><line number="57" hits="3"/><line number="58" hits="6"/><line number="59" hits="3"/><line number="61" hits="0"/><line number="62" hits="0"/><line number="63" hits="0"/><line number="65" hits="0"/><line number="66" hits="0"/><line number="68" hits="0"/><line number="69" hits="0"/><line number="71" hits="0"/><line number="72" hits="0"/><line number="75" hits="0"/><line number="76" hits="0"/><line number="78" hits="0"/><line number="80" hits="0"/><line number="81" hits="0"/><line number="82" hits="0"/><line number="83" hits="0"/><line number="84" hits="0"/><line number="85" hits="0"/><line number="86" hits="0"/><line number="87" hits="0"/><line number="88" hits="0"/><line number="89" hits="0"/><line number="90" hits="0"/><line number="91" hits="0"/><line number="92" hits="0"/><line number="96" hits="3"/><line number="97" hits="0"/><line number="99" hits="0"/><line number="101" hits="0"/><line number="103" hits="6"/><line number="104" hits="0"/><line number="119" hits="0"/><line number="128" hits="0"/><line number="129" hits="0"/><line number="130" hits="0"/><line number="132" hits="0"/><line number="133" hits="0"/><line number="137" hits="0"/><line number="138" hits="0"/><line number="140" hits="0"/><line number="141" hits="0"/><line number="144" hits="0"/><line number="145" hits="0"/><line number="147" hits="0"/><line number="148" hits="0"/><line number="149" hits="0"/><line number="150" hits="0"/><line number="152" hits="0"/><line number="154" hits="0"/><line number="156" hits="0"/><line number="157" hits="0"/><line number="158" hits="0"/><line number="159" hits="0"/><line number="160" hits="0"/><line number="161" hits="0"/><line number="162" hits="0"/><line number="163" hits="0"/><line number="165" hits="0"/><line number="167" hits="0"/><line number="168" hits="0"/><line number="169" hits="0"/><line number="170" hits="0"/><line number="183" hits="0"/><line number="185" hits="0"/><line number="186" hits="0"/><line number="187" hits="0"/><line number="188" hits="0"/><line number="191" hits="0"/><line number="193" hits="0"/><line number="205" hits="0"/><line number="207" hits="0"/><line number="208" hits="0"/><line number="209" hits="0"/><line number="210" hits="0"/><line number="213" hits="0"/><line number="215" hits="0"/></lines></class></classes></package><package name="src/ahc" line-rate="0.9514563106796117" branch-rate="0" complexity="0"><classes><class name="mod" filename="src/ahc/mod.rs" line-rate="0.9514563106796117" branch-rate="0" complexity="0"><methods/><lines><line number="20" hits="3687"/><line number="21" hits="7374"/><line number="25" hits="0"/><line number="30" hits="0"/><line number="39" hits="3005"/><line number="40" hits="6010"/><line number="45" hits="3016"/><line number="49" hits="9048"/><line number="50" hits="3016"/><line number="51" hits="0"/><line number="53" hits="9048"/><line number="54" hits="12064"/><line number="58" hits="6703"/><line number="59" hits="20109"/><line number="60" hits="6703"/><line number="61" hits="8"/><line number="64" hits="26780"/><line number="65" hits="26780"/><line number="66" hits="26780"/><line number="67" hits="26780"/><line number="71" hits="13390"/><line number="72" hits="46865"/><line number="73" hits="83237"/><line number="74" hits="76542"/><line number="75" hits="1368376"/><line number="76" hits="3229585"/><line number="77" hits="1291834"/><line number="78" hits="645917"/><line number="83" hits="88524"/><line number="84" hits="88524"/><line number="85" hits="88524"/><line number="88" hits="820939"/><line number="89" hits="776677"/><line number="90" hits="266206"/><line number="92" hits="6309879"/><line number="93" hits="5799408"/><line number="94" hits="2018116"/><line number="96" hits="7562584"/><line number="97" hits="3960179"/><line number="98" hits="357774"/><line number="99" hits="178887"/><line number="100" hits="178887"/><line number="105" hits="177048"/><line number="106" hits="88621"/><line number="107" hits="88520"/><line number="108" hits="6695"/><line number="110" hits="37571"/><line number="111" hits="0"/><line number="115" hits="112701"/><line number="116" hits="75134"/><line number="117" hits="75134"/><line number="118" hits="112701"/><line number="119" hits="112701"/><line number="120" hits="607213"/><line number="121" hits="854469"/><line number="123" hits="75134"/><line number="125" hits="75134"/><line number="126" hits="37567"/><line number="127" hits="37567"/><line number="130" hits="1437837"/><line number="131" hits="1400270"/><line number="132" hits="700135"/><line number="136" hits="737702"/><line number="137" hits="1362703"/><line number="138" hits="303773"/><line number="140" hits="1585448"/><line number="141" hits="396362"/><line number="142" hits="396362"/><line number="145" hits="737702"/><line number="146" hits="749651"/><line number="147" hits="49516"/><line number="153" hits="13390"/><line number="154" hits="13390"/><line number="155" hits="83237"/><line number="156" hits="421685"/><line number="157" hits="77950"/><line number="158" hits="38975"/><line number="159" hits="38975"/><line number="161" hits="76542"/><line number="164" hits="6695"/><line number="172" hits="3016"/><line number="173" hits="9048"/><line number="174" hits="3016"/><line number="175" hits="162"/><line number="178" hits="11416"/><line number="179" hits="28266"/><line number="180" hits="275976"/><line number="181" hits="501128"/><line number="184" hits="2268839"/><line number="186" hits="5708"/><line number="187" hits="0"/><line number="190" hits="5708"/><line number="192" hits="5708"/><line number="193" hits="5708"/><line number="194" hits="62096"/><line number="195" hits="177726"/><line number="196" hits="64941"/><line number="197" hits="5699"/><line number="198" hits="5699"/><line number="203" hits="2854"/><line number="204" hits="159"/><line number="206" hits="5390"/><line number="208" hits="5390"/></lines></class></classes></package><package name="src/streaming" line-rate="0.8543689320388349" branch-rate="0" complexity="0"><classes><class name="mod" filename="src/streaming/mod.rs" line-rate="0.8543689320388349" branch-rate="0" complexity="0"><methods/><lines><line number="76" hits="10"/><line number="82" hits="20"/><line number="83" hits="10"/><line number="84" hits="0"/><line number="85" hits="0"/><line number="86" hits="0"/><line number="88" hits="0"/><line number="90" hits="30"/><line number="91" hits="20"/><line number="92" hits="20"/><line number="93" hits="20"/><line number="94" hits="10"/><line number="95" hits="10"/><line number="97" hits="30"/><line number="98" hits="10"/><line number="99" hits="10"/><line number="102" hits="10"/><line number="103" hits="40"/><line number="105" hits="10"/><line number="106" hits="20"/><line number="107" hits="20"/><line number="108" hits="20"/><line number="109" hits="20"/><line number="110" hits="20"/><line number="111" hits="20"/><line number="112" hits="20"/><line number="113" hits="20"/><line number="114" hits="50"/><line number="115" hits="10"/><line number="116" hits="10"/><line number="128" hits="8"/><line number="129" hits="16"/><line number="130" hits="24"/><line number="132" hits="16"/><line number="133" hits="1636"/><line number="134" hits="4860"/><line number="135" hits="3240"/><line number="140" hits="1620"/><line number="141" hits="1620"/><line number="142" hits="810"/><line number="144" hits="2436"/><line number="145" hits="6"/><line number="146" hits="12"/><line number="147" hits="18"/><line number="148" hits="18"/><line number="150" hits="0"/><line number="151" hits="0"/><line number="152" hits="0"/><line number="153" hits="0"/><line number="154" hits="0"/><line number="155" hits="0"/><line number="156" hits="0"/><line number="157" hits="0"/><line number="159" hits="0"/><line number="165" hits="1620"/><line number="166" hits="2058"/><line number="167" hits="2744"/><line number="172" hits="8"/><line number="181" hits="4"/><line number="182" hits="8"/><line number="185" hits="8"/><line number="187" hits="0"/><line number="188" hits="4"/><line number="189" hits="4"/><line number="190" hits="12"/><line number="192" hits="8"/><line number="193" hits="8"/><line number="194" hits="8"/><line number="195" hits="20"/><line number="197" hits="0"/><line number="201" hits="4"/><line number="208" hits="2"/><line number="209" hits="4"/><line number="216" hits="6"/><line number="217" hits="6"/><line number="225" hits="686"/><line number="226" hits="1372"/><line number="227" hits="1372"/><line number="229" hits="746"/><line number="230" hits="100"/><line number="231" hits="80"/><line number="232" hits="60"/><line number="233" hits="60"/><line number="234" hits="40"/><line number="235" hits="20"/><line number="236" hits="40"/><line number="237" hits="20"/><line number="239" hits="20"/><line number="243" hits="686"/><line number="247" hits="4"/><line number="251" hits="8"/><line number="252" hits="8"/><line number="254" hits="12"/><line number="255" hits="20"/><line number="256" hits="16"/><line number="257" hits="20"/><line number="258" hits="12"/><line number="259" hits="8"/><line number="260" hits="4"/><line number="261" hits="8"/><line number="262" hits="4"/><line number="264" hits="4"/><line number="268" hits="4"/></lines></class></classes></package><package name="src/resegmentation" line-rate="0.9438202247191011" branch-rate="0" complexity="0"><classes><class name="mod" filename="src/resegmentation/mod.rs" line-rate="0.9438202247191011" branch-rate="0" complexity="0"><methods/><lines><line number="108" hits="3023"/><line number="109" hits="15111"/><line number="110" hits="4"/><line number="113" hits="6038"/><line number="114" hits="3019"/><line number="115" hits="81359"/><line number="116" hits="88352"/><line number="118" hits="12076"/><line number="119" hits="17887"/><line number="120" hits="81346"/><line number="121" hits="22302"/><line number="122" hits="22302"/><line number="124" hits="22302"/><line number="125" hits="22302"/><line number="126" hits="7434"/><line number="127" hits="7434"/><line number="133" hits="6038"/><line number="134" hits="3019"/><line number="152" hits="14"/><line number="155" hits="42"/><line number="156" hits="110"/><line number="157" hits="34"/><line number="158" hits="10"/><line number="160" hits="122"/><line number="161" hits="26"/><line number="162" hits="4"/><line number="164" hits="22"/><line number="165" hits="2"/><line number="167" hits="20"/><line number="168" hits="14"/><line number="170" hits="6"/><line number="172" hits="42"/><line number="173" hits="14"/><line number="175" hits="0"/><line number="177" hits="56"/><line number="180" hits="14"/><line number="212" hits="6043"/><line number="215" hits="6043"/><line number="222" hits="0"/><line number="223" hits="0"/><line number="229" hits="0"/><line number="230" hits="0"/><line number="235" hits="6041"/><line number="236" hits="6041"/><line number="241" hits="6035"/><line number="242" hits="24140"/><line number="245" hits="18091"/><line number="246" hits="11622"/><line number="247" hits="1173"/><line number="251" hits="14586"/><line number="252" hits="46380"/><line number="253" hits="31794"/><line number="254" hits="2"/><line number="255" hits="4"/><line number="256" hits="4"/><line number="257" hits="2"/><line number="262" hits="38940"/><line number="264" hits="24360"/><line number="265" hits="2"/><line number="266" hits="4"/><line number="267" hits="4"/><line number="268" hits="2"/><line number="272" hits="12178"/><line number="273" hits="12178"/><line number="274" hits="12178"/><line number="275" hits="46012"/><line number="277" hits="2"/><line number="278" hits="2"/><line number="279" hits="2"/><line number="283" hits="36528"/><line number="284" hits="2"/><line number="287" hits="36522"/><line number="288" hits="64157"/><line number="289" hits="39809"/><line number="290" hits="12174"/><line number="292" hits="110540"/><line number="293" hits="55270"/><line number="294" hits="12174"/><line number="295" hits="30922"/><line number="297" hits="44348"/><line number="298" hits="16713"/><line number="301" hits="36522"/><line number="302" hits="12174"/><line number="304" hits="22251"/><line number="305" hits="14834"/><line number="306" hits="7417"/><line number="307" hits="7417"/><line number="312" hits="106984"/><line number="313" hits="4856"/></lines></class></classes></package><package name="src/ecapa" line-rate="0.21621621621621623" branch-rate="0" complexity="0"><classes><class name="mod" filename="src/ecapa/mod.rs" line-rate="0.21621621621621623" branch-rate="0" complexity="0"><methods/><lines><line number="28" hits="2"/><line number="29" hits="4"/><line number="30" hits="2"/><line number="31" hits="6"/><line number="32" hits="4"/><line number="33" hits="4"/><line number="34" hits="2"/><line number="36" hits="2"/><line number="37" hits="0"/><line number="39" hits="4"/><line number="40" hits="2"/><line number="41" hits="6"/><line number="42" hits="2"/><line number="44" hits="2"/><line number="45" hits="4"/><line number="46" hits="4"/><line number="47" hits="2"/><line number="51" hits="0"/><line number="52" hits="0"/><line number="53" hits="0"/><line number="54" hits="0"/><line number="61" hits="0"/><line number="66" hits="0"/><line number="67" hits="0"/><line number="71" hits="0"/><line number="73" hits="0"/><line number="74" hits="0"/><line number="75" hits="0"/><line number="76" hits="0"/><line number="77" hits="0"/><line number="79" hits="0"/><line number="81" hits="0"/><line number="84" hits="0"/><line number="85" hits="0"/><line number="86" hits="0"/><line number="87" hits="0"/><line number="89" hits="0"/><line number="90" hits="0"/><line number="91" hits="0"/><line number="92" hits="0"/><line number="96" hits="0"/><line number="98" hits="0"/><line number="99" hits="0"/><line number="100" hits="0"/><line number="102" hits="0"/><line number="103" hits="0"/><line number="104" hits="0"/><line number="105" hits="0"/><line number="107" hits="0"/><line number="108" hits="0"/><line number="110" hits="0"/><line number="111" hits="0"/><line number="112" hits="0"/><line number="113" hits="0"/><line number="115" hits="0"/><line number="116" hits="0"/><line number="117" hits="0"/><line number="120" hits="0"/><line number="121" hits="0"/><line number="122" hits="0"/><line number="124" hits="0"/><line number="125" hits="0"/><line number="126" hits="0"/><line number="127" hits="0"/><line number="128" hits="0"/><line number="131" hits="0"/><line number="132" hits="0"/><line number="133" hits="0"/><line number="135" hits="0"/><line number="138" hits="0"/><line number="139" hits="0"/><line number="151" hits="0"/><line number="152" hits="0"/><line number="153" hits="0"/></lines></class></classes></package><package name="src/cluster" line-rate="0.9090909090909091" branch-rate="0" complexity="0"><classes><class name="mod" filename="src/cluster/mod.rs" line-rate="0.9090909090909091" branch-rate="0" complexity="0"><methods/><lines><line number="41" hits="24"/><line number="43" hits="24"/><line number="66" hits="54"/><line number="67" hits="162"/><line number="68" hits="108"/><line number="70" hits="252"/><line number="71" hits="288"/><line number="72" hits="122"/><line number="73" hits="50"/><line number="74" hits="50"/><line number="79" hits="108"/><line number="80" hits="6"/><line number="81" hits="10"/><line number="82" hits="2"/><line number="85" hits="84"/><line number="86" hits="32"/><line number="88" hits="10"/><line number="89" hits="2"/><line number="93" hits="150"/><line number="94" hits="150"/><line number="95" hits="50"/><line number="96" hits="50"/><line number="97" hits="50"/><line number="99" hits="50"/><line number="112" hits="16"/><line number="113" hits="32"/><line number="133" hits="0"/><line number="134" hits="0"/><line number="137" hits="0"/><line number="138" hits="0"/><line number="139" hits="0"/><line number="164" hits="10"/><line number="165" hits="20"/><line number="166" hits="20"/><line number="167" hits="30"/><line number="168" hits="24"/><line number="169" hits="6"/><line number="171" hits="16"/><line number="173" hits="8"/><line number="174" hits="2"/><line number="176" hits="2"/><line number="178" hits="8"/><line number="179" hits="0"/><line number="181" hits="8"/><line number="182" hits="8"/><line number="183" hits="3080"/><line number="184" hits="2048"/><line number="185" hits="1024"/><line number="187" hits="8"/><line number="188" hits="4"/><line number="189" hits="4"/><line number="192" hits="16"/><line number="193" hits="14"/><line number="194" hits="20"/><line number="195" hits="4"/><line number="197" hits="6"/><line number="199" hits="30"/><line number="201" hits="4"/><line number="204" hits="4"/><line number="205" hits="8"/><line number="206" hits="8"/><line number="207" hits="3088"/><line number="208" hits="1024"/><line number="210" hits="8"/><line number="211" hits="4"/><line number="212" hits="4"/></lines></class></classes></package><package name="src/segmentation" line-rate="0.7247706422018348" branch-rate="0" complexity="0"><classes><class name="aggregator" filename="src/segmentation/aggregator.rs" line-rate="0.8821138211382114" branch-rate="0" complexity="0"><methods/><lines><line number="37" hits="20"/><line number="43" hits="40"/><line number="44" hits="0"/><line number="45" hits="0"/><line number="48" hits="20"/><line number="49" hits="40"/><line number="50" hits="40"/><line number="51" hits="20"/><line number="52" hits="20"/><line number="59" hits="980"/><li
[...]
"469" hits="36"/><line number="470" hits="24"/><line number="471" hits="24"/><line number="472" hits="24"/><line number="474" hits="24"/><line number="475" hits="24"/><line number="476" hits="12"/><line number="482" hits="38"/><line number="483" hits="6"/><line number="484" hits="6"/><line number="485" hits="12"/><line number="486" hits="12"/><line number="488" hits="16"/></lines></class><class name="decoder" filename="src/segmentation/decoder.rs" line-rate="0.9811320754716981" branch-rate="0" complexity="0"><methods/><lines><line number="30" hits="448"/><line number="31" hits="890"/><line number="38" hits="7092"/><line number="39" hits="7092"/><line number="40" hits="1260"/><line number="41" hits="9492"/><line number="42" hits="13340"/><line number="61" hits="7900"/><line number="62" hits="7900"/><line number="63" hits="1642"/><line number="64" hits="1626"/><line number="65" hits="1062"/><line number="66" hits="882"/><line number="67" hits="922"/><line number="68" hits="882"/><line number="69" hits="884"/><line number="70" hits="0"/><line number="78" hits="902"/><line number="79" hits="902"/><line number="80" hits="2"/><line number="81" hits="4"/><line number="85" hits="1800"/><line number="86" hits="7200"/><line number="87" hits="7716"/><line number="88" hits="1416"/><line number="91" hits="1800"/><line number="92" hits="1800"/><line number="93" hits="21600"/><line number="94" hits="12600"/><line number="95" hits="6300"/><line number="98" hits="2700"/><line number="99" hits="1800"/><line number="100" hits="1800"/><line number="101" hits="15300"/><line number="102" hits="12600"/><line number="103" hits="7714"/><line number="104" hits="1414"/><line number="105" hits="1414"/><line number="108" hits="4500"/><line number="109" hits="900"/><line number="111" hits="900"/><line number="118" hits="24"/><line number="122" hits="48"/><line number="123" hits="2"/><line number="124" hits="4"/><line number="127" hits="66"/><line number="128" hits="906"/><line number="129" hits="2652"/><line number="130" hits="3536"/><line number="132" hits="22"/><line number="140" hits="22"/><line number="141" hits="66"/><line number="143" hits="66"/></lines></class><class name="hungarian" filename="src/segmentation/hungarian.rs" line-rate="1" branch-rate="0" complexity="0"><methods/><lines><line number="21" hits="16"/><line number="22" hits="48"/><line number="23" hits="16"/><line number="24" hits="2"/><line number="26" hits="124"/><line number="27" hits="2"/><line number="30" hits="24"/><line number="31" hits="36"/><line number="32" hits="36"/><line number="34" hits="36"/><line number="36" hits="36"/><line number="38" hits="42"/><line number="39" hits="30"/><line number="40" hits="60"/><line number="41" hits="120"/><line number="42" hits="90"/><line number="44" hits="38"/><line number="45" hits="76"/><line number="46" hits="76"/><line number="47" hits="76"/><line number="48" hits="142"/><line number="49" hits="104"/><line number="50" hits="376"/><line number="51" hits="272"/><line number="52" hits="168"/><line number="53" hits="84"/><line number="55" hits="148"/><line number="56" hits="54"/><line number="57" hits="54"/><line number="62" hits="180"/><line number="63" hits="190"/><line number="64" hits="144"/><line number="65" hits="48"/><line number="67" hits="94"/><line number="70" hits="38"/><line number="71" hits="38"/><line number="72" hits="30"/><line number="77" hits="64"/><line number="78" hits="64"/><line number="79" hits="32"/><line number="80" hits="32"/><line number="81" hits="30"/><line number="86" hits="36"/><line number="87" hits="42"/><line number="88" hits="60"/><line number="89" hits="60"/><line number="92" hits="12"/></lines></class><class name="powerset" filename="src/segmentation/powerset.rs" line-rate="0" branch-rate="0" complexity="0"><methods/><lines><line number="27" hits="0"/><line number="32" hits="0"/><line number="50" hits="0"/><line number="51" hits="0"/><line number="58" hits="0"/><line number="62" hits="0"/><line number="63" hits="0"/><line number="64" hits="0"/><line number="65" hits="0"/><line number="67" hits="0"/><line number="68" hits="0"/><line number="69" hits="0"/><line number="73" hits="0"/><line number="74" hits="0"/><line number="75" hits="0"/><line number="76" hits="0"/><line number="77" hits="0"/><line number="78" hits="0"/><line number="81" hits="0"/><line number="82" hits="0"/><line number="83" hits="0"/><line number="84" hits="0"/><line number="85" hits="0"/><line number="87" hits="0"/><line number="90" hits="0"/><line number="91" hits="0"/><line number="92" hits="0"/><line number="93" hits="0"/><line number="94" hits="0"/><line number="95" hits="0"/><line number="96" hits="0"/><line number="103" hits="0"/><line number="104" hits="0"/><line number="110" hits="0"/><line number="111" hits="0"/><line number="114" hits="0"/><line number="115" hits="0"/><line number="118" hits="0"/><line number="119" hits="0"/><line number="124" hits="0"/><line number="129" hits="0"/><line number="131" hits="0"/><line number="132" hits="0"/><line number="133" hits="0"/><line number="138" hits="0"/><line number="139" hits="0"/><line number="140" hits="0"/><line number="142" hits="0"/><line number="143" hits="0"/><line number="144" hits="0"/><line number="147" hits="0"/><line number="148" hits="0"/><line number="149" hits="0"/><line number="150" hits="0"/><line number="151" hits="0"/><line number="152" hits="0"/><line number="157" hits="0"/><line number="158" hits="0"/><line number="159" hits="0"/><line number="160" hits="0"/><line number="165" hits="0"/><line number="166" hits="0"/><line number="167" hits="0"/><line number="168" hits="0"/><line number="171" hits="0"/><line number="172" hits="0"/><line number="177" hits="0"/><line number="178" hits="0"/><line number="179" hits="0"/><line number="180" hits="0"/><line number="181" hits="0"/><line number="185" hits="0"/><line number="186" hits="0"/><line number="187" hits="0"/><line number="188" hits="0"/><line number="189" hits="0"/><line number="190" hits="0"/><line number="191" hits="0"/><line number="193" hits="0"/><line number="194" hits="0"/><line number="195" hits="0"/><line number="196" hits="0"/><line number="197" hits="0"/><line number="198" hits="0"/><line number="201" hits="0"/><line number="202" hits="0"/><line number="205" hits="0"/><line number="206" hits="0"/><line number="209" hits="0"/><line number="210" hits="0"/></lines></class></classes></package><package name="src/rttm" line-rate="0.6285714285714286" branch-rate="0" complexity="0"><classes><class name="mod" filename="src/rttm/mod.rs" line-rate="0.6285714285714286" branch-rate="0" complexity="0"><methods/><lines><line number="28" hits="8"/><line number="29" hits="8"/><line number="37" hits="6"/><line number="38" hits="12"/><line number="40" hits="54"/><line number="41" hits="36"/><line number="42" hits="36"/><line number="43" hits="68"/><line number="44" hits="4"/><line number="47" hits="70"/><line number="48" hits="14"/><line number="49" hits="0"/><line number="50" hits="0"/><line number="51" hits="0"/><line number="55" hits="14"/><line number="56" hits="0"/><line number="59" hits="70"/><line number="60" hits="0"/><line number="61" hits="0"/><line number="63" hits="28"/><line number="64" hits="0"/><line number="65" hits="0"/><line number="66" hits="0"/><line number="70" hits="70"/><line number="71" hits="0"/><line number="72" hits="0"/><line number="74" hits="28"/><line number="75" hits="0"/><line number="76" hits="0"/><line number="77" hits="0"/><line number="81" hits="42"/><line number="82" hits="42"/><line number="83" hits="28"/><line number="84" hits="28"/><line number="85" hits="14"/><line number="89" hits="6"/><line number="96" hits="0"/><line number="97" hits="0"/><line number="98" hits="0"/><line number="99" hits="0"/><line number="106" hits="0"/><line number="107" hits="0"/><line number="108" hits="0"/><line number="109" hits="0"/><line number="111" hits="0"/><line number="118" hits="2"/><line number="121" hits="6"/><line number="122" hits="4"/><line number="124" hits="4"/><line number="126" hits="8"/><line number="127" hits="40"/><line number="128" hits="8"/><line number="129" hits="4"/><line number="130" hits="4"/><line number="132" hits="6"/><line number="133" hits="12"/><line number="134" hits="6"/><line number="135" hits="12"/><line number="136" hits="6"/><line number="138" hits="6"/><line number="143" hits="2"/><line number="150" hits="3"/><line number="155" hits="9"/><line number="156" hits="6"/><line number="157" hits="6"/><line number="159" hits="0"/><line number="160" hits="0"/><line number="161" hits="12"/><line number="162" hits="0"/><line number="165" hits="3"/></lines></class></classes></package><package name="src/onnx" line-rate="0.2159090909090909" branch-rate="0" complexity="0"><classes><class name="mod" filename="src/onnx/mod.rs" line-rate="0.2159090909090909" branch-rate="0" complexity="0"><methods/><lines><line number="35" hits="14"/><line number="36" hits="56"/><line number="37" hits="0"/><line number="38" hits="0"/><line number="41" hits="28"/><line number="42" hits="2"/><line number="43" hits="6"/><line number="44" hits="4"/><line number="45" hits="2"/><line number="46" hits="2"/><line number="51" hits="48"/><line number="52" hits="0"/><line number="53" hits="0"/><line number="56" hits="24"/><line number="57" hits="60"/><line number="58" hits="0"/><line number="59" hits="0"/><line number="62" hits="12"/><line number="63" hits="0"/><line number="64" hits="0"/><line number="65" hits="0"/><line number="70" hits="316"/><line number="74" hits="24"/><line number="76" hits="22"/><line number="77" hits="2"/><line number="78" hits="6"/><line number="79" hits="2"/><line number="83" hits="10"/><line number="102" hits="0"/><line number="108" hits="0"/><line number="109" hits="0"/><line number="110" hits="0"/><line number="111" hits="0"/><line number="112" hits="0"/><line number="113" hits="0"/><line number="116" hits="0"/><line number="117" hits="0"/><line number="118" hits="0"/><line number="119" hits="0"/><line number="121" hits="0"/><line number="122" hits="0"/><line number="123" hits="0"/><line number="124" hits="0"/><line number="125" hits="0"/><line number="127" hits="0"/><line number="128" hits="0"/><line number="129" hits="0"/><line number="130" hits="0"/><line number="134" hits="0"/><line number="135" hits="0"/><line number="136" hits="0"/><line number="137" hits="0"/><line number="144" hits="0"/><line number="149" hits="0"/><line number="150" hits="0"/><line number="153" hits="0"/><line number="154" hits="0"/><line number="155" hits="0"/><line number="156" hits="0"/><line number="160" hits="0"/><line number="161" hits="0"/><line number="162" hits="0"/><line number="164" hits="0"/><line number="165" hits="0"/><line number="167" hits="0"/><line number="168" hits="0"/><line number="169" hits="0"/><line number="170" hits="0"/><line number="172" hits="0"/><line number="173" hits="0"/><line number="174" hits="0"/><line number="177" hits="0"/><line number="178" hits="0"/><line number="179" hits="0"/><line number="181" hits="0"/><line number="182" hits="0"/><line number="183" hits="0"/><line number="184" hits="0"/><line number="185" hits="0"/><line number="188" hits="0"/><line number="189" hits="0"/><line number="190" hits="0"/><line number="192" hits="0"/><line number="195" hits="0"/><line number="196" hits="0"/><line number="208" hits="0"/><line number="209" hits="0"/><line number="210" hits="0"/></lines></class></classes></package><package name="fuzz/fuzz_targets" line-rate="0" branch-rate="0" complexity="0"><classes></classes></package><package name="src/features" line-rate="0.9339622641509434" branch-rate="0" complexity="0"><classes><class name="mod" filename="src/features/mod.rs" line-rate="0.9339622641509434" branch-rate="0" complexity="0"><methods/><lines><line number="45" hits="6"/><line number="59" hits="4"/><line number="60" hits="16"/><line number="61" hits="8"/><line number="62" hits="12"/><line number="63" hits="128008"/><line number="64" hits="256008"/><line number="67" hits="4"/><line number="70" hits="2"/><line number="71" hits="6"/><line number="72" hits="4"/><line number="74" hits="0"/><line number="76" hits="6"/><line number="77" hits="794"/><line number="78" hits="1188"/><line number="79" hits="1980"/><line number="81" hits="2"/><line number="84" hits="8"/><line number="85" hits="8"/><line number="86" hits="3208"/><line number="115" hits="6"/><line number="116" hits="12"/><line number="117" hits="24"/><line number="118" hits="18"/><line number="120" hits="6"/><line number="121" hits="6"/><line number="122" hits="6"/><line number="123" hits="6"/><line number="124" hits="6"/><line number="150" hits="4"/><line number="151" hits="8"/><line number="152" hits="2"/><line number="155" hits="8"/><line number="156" hits="10"/><line number="157" hits="4"/><line number="158" hits="8"/><line number="159" hits="6"/><line number="161" hits="398"/><line number="162" hits="1188"/><line number="163" hits="475992"/><line number="164" hits="475200"/><line number="167" hits="792"/><line number="168" hits="0"/><line number="169" hits="0"/><line number="170" hits="0"/><line number="171" hits="0"/><line number="174" hits="792"/><line number="175" hits="0"/><line number="176" hits="0"/><line number="180" hits="792"/><line number="181" hits="792"/><line number="182" hits="396"/><line number="184" hits="205524"/><line number="186" hits="1188"/><line number="187" hits="64152"/><line number="188" hits="63360"/><line number="190" hits="63360"/><line number="191" hits="16315200"/><line number="193" hits="95040"/><line number="195" hits="1188"/><line number="198" hits="2"/><line number="209" hits="4"/><line number="210" hits="8"/><line number="211" hits="2"/><line number="213" hits="6"/><line number="214" hits="4"/><line number="216" hits="6"/><line number="217" hits="8"/><line number="218" hits="66"/><line number="219" hits="18"/><line number="222" hits="14"/><line number="223" hits="6"/><line number="226" hits="2"/><line number="228" hits="8"/><line number="229" hits="6"/><line number="230" hits="6"/><line number="231" hits="12"/><line number="232" hits="42"/><line number="233" hits="6"/><line number="238" hits="6"/><line number="245" hits="18"/><line number="246" hits="3090"/><line number="248" hits="18"/><line number="249" hits="18"/><line number="250" hits="18"/><line number="251" hits="990"/><line number="253" hits="1014"/><line number="255" hits="36"/><line number="256" hits="972"/><line number="257" hits="960"/><line number="258" hits="960"/><line number="259" hits="960"/><line number="260" hits="247680"/><line number="261" hits="211296"/><line number="262" hits="2820"/><line number="263" hits="2820"/><line number="264" hits="2820"/><line number="266" hits="208476"/><line number="267" hits="2904"/><line number="268" hits="2904"/><line number="269" hits="2904"/><line number="274" hits="6"/><line number="277" hits="12"/><line number="278" hits="12"/><line number="281" hits="492"/><line number="282" hits="492"/></lines></class></classes></package><package name="src/pipeline" line-rate="0.8923076923076924" branch-rate="0" complexity="0"><classes><class name="mod" filename="src/pipeline/mod.rs" line-rate="0.8923076923076924" branch-rate="0" complexity="0"><methods/><lines><line number="38" hits="792"/><line number="49" hits="264"/><line number="55" hits="792"/><line number="56" hits="264"/><line number="57" hits="3"/><line number="58" hits="3"/><line number="59" hits="3"/><line number="62" hits="1566"/><line number="64" hits="522"/><line number="65" hits="42"/><line number="66" hits="42"/><line number="67" hits="42"/><line number="68" hits="42"/><line number="72" hits="438"/><line number="73" hits="657"/><line number="74" hits="657"/><line number="75" hits="438"/><line number="76" hits="438"/><line number="78" hits="657"/><line number="79" hits="657"/><line number="81" hits="438"/><line number="82" hits="444"/><line number="83" hits="592"/><line number="84" hits="740"/><line number="85" hits="444"/><line number="86" hits="444"/><line number="87" hits="296"/><line number="88" hits="148"/><line number="91" hits="142"/><line number="92" hits="355"/><line number="94" hits="213"/><line number="95" hits="355"/><line number="96" hits="213"/><line number="97" hits="213"/><line number="98" hits="142"/><line number="99" hits="71"/><line number="105" hits="438"/><line number="106" hits="0"/><line number="107" hits="0"/><line number="108" hits="0"/><line number="109" hits="0"/><line number="113" hits="876"/><line number="114" hits="1314"/><line number="116" hits="657"/><line number="118" hits="438"/><line number="119" hits="219"/><line number="120" hits="219"/><line number="121" hits="219"/><line number="122" hits="219"/><line number="126" hits="219"/><line number="127" hits="657"/><line number="128" hits="1095"/><line number="130" hits="657"/><line number="132" hits="438"/><line number="133" hits="438"/><line number="134" hits="219"/><line number="135" hits="219"/><line number="136" hits="219"/><line number="141" hits="219"/><line number="142" hits="438"/><line number="143" hits="219"/><line number="144" hits="219"/><line number="152" hits="0"/><line number="158" hits="0"/><line number="159" hits="0"/></lines></class></classes></package><package name="src/vad" line-rate="0.7974683544303798" branch-rate="0" complexity="0"><classes><class name="mod" filename="src/vad/mod.rs" line-rate="0.7974683544303798" branch-rate="0" complexity="0"><methods/><lines><line number="46" hits="805"/><line number="76" hits="804"/><line number="78" hits="2412"/><line number="86" hits="1572"/><line number="88" hits="24843"/><line number="89" hits="74529"/><line number="90" hits="3"/><line number="91" hits="6"/><line number="92" hits="3"/><line number="95" hits="99360"/><line number="96" hits="99360"/><line number="97" hits="25610040"/><line number="98" hits="74520"/><line number="99" hits="74520"/><line number="101" hits="24840"/><line number="104" hits="0"/><line number="105" hits="0"/><line number="140" hits="796"/><line number="159" hits="24840"/><line number="160" hits="24840"/><line number="161" hits="23765"/><line number="162" hits="0"/><line number="163" hits="0"/><line number="165" hits="0"/><line number="166" hits="0"/><line number="168" hits="0"/><line number="169" hits="0"/><line number="170" hits="0"/><line number="173" hits="23765"/><line number="175" hits="1075"/><line number="176" hits="765"/><line number="177" hits="765"/><line number="178" hits="765"/><line number="179" hits="765"/><line number="181" hits="24075"/><line number="190" hits="790"/><line number="191" hits="790"/><line number="193" hits="763"/><line number="196" hits="763"/><line number="197" hits="763"/><line number="198" hits="763"/><line number="200" hits="27"/><line number="207" hits="810"/><line number="208" hits="810"/><line number="215" hits="4"/><line number="216" hits="4"/><line number="237" hits="262"/><line number="243" hits="524"/><line number="244" hits="524"/><line number="245" hits="786"/><line number="246" hits="786"/><line number="247" hits="8272"/><line number="248" hits="32040"/><line number="249" hits="32040"/><line number="250" hits="24030"/><line number="253" hits="524"/><line number="254" hits="524"/><line number="255" hits="262"/><line number="256" hits="262"/><line number="257" hits="524"/><line number="258" hits="524"/><line number="260" hits="1310"/><line number="261" hits="524"/><line number="263" hits="16544"/><line number="264" hits="0"/><line number="265" hits="0"/><line number="266" hits="0"/><line number="267" hits="32040"/><line number="269" hits="0"/><line number="270" hits="0"/><line number="271" hits="0"/><line number="276" hits="0"/><line number="277" hits="253"/><line number="278" hits="253"/><line number="279" hits="786"/><line number="281" hits="506"/><line number="282" hits="472"/><line number="283" hits="876"/><line number="287" hits="262"/></lines></class></classes></package></packages></coverage>